-------------------------------------------------------------------------------
Test set: pl.put.poznan.buildinginfo.logic.BuildingTest
-------------------------------------------------------------------------------
Tests run: 7, Failures: 1, Errors: 0, Skipped: 0, Time elapsed: 0.353 s <<< FAILURE! - in pl.put.poznan.buildinginfo.logic.BuildingTest
calculateVolumeTest2  Time elapsed: 0.339 s  <<< FAILURE!
org.opentest4j.AssertionFailedError: expected: <600.0> but was: <1741.0>
	at pl.put.poznan.buildinginfo.logic.BuildingTest.calculateVolumeTest2(BuildingTest.java:73)

